0 silly argv { _: [ 'run' ],
0 silly argv   scope: '@xarples/bee-admin',
0 silly argv   stream: true,
0 silly argv   lernaVersion: '3.18.4',
0 silly argv   '$0': 'lerna',
0 silly argv   script: 'dev' }
1 notice cli v3.18.4
2 verbose rootPath /Users/Guillermo/Documents/projects/xarples/bee
3 notice filter including "@xarples/bee-admin"
4 info filter [ '@xarples/bee-admin' ]
5 info Executing command in 1 package: "npm run dev"
6 silly npmRunScript.stream [ 'dev', [], '@xarples/bee-admin' ]
7 silly getExecOpts /Users/Guillermo/Documents/projects/xarples/bee/packages/bee-admin undefined
8 error Error: Command failed: npm run dev
8 error FATAL ERROR: Ineffective mark-compacts near heap limit Allocation failed - JavaScript heap out of memory
8 error  1: 0x10003d041 node::Abort() [/Users/Guillermo/.nvm/versions/node/v10.17.0/bin/node]
8 error  2: 0x10003d24b node::OnFatalError(char const*, char const*) [/Users/Guillermo/.nvm/versions/node/v10.17.0/bin/node]
8 error  3: 0x1001b8e25 v8::internal::V8::FatalProcessOutOfMemory(v8::internal::Isolate*, char const*, bool) [/Users/Guillermo/.nvm/versions/node/v10.17.0/bin/node]
8 error  4: 0x100586d82 v8::internal::Heap::FatalProcessOutOfMemory(char const*) [/Users/Guillermo/.nvm/versions/node/v10.17.0/bin/node]
8 error  5: 0x100589855 v8::internal::Heap::CheckIneffectiveMarkCompact(unsigned long, double) [/Users/Guillermo/.nvm/versions/node/v10.17.0/bin/node]
8 error  6: 0x1005856ff v8::internal::Heap::PerformGarbageCollection(v8::internal::GarbageCollector, v8::GCCallbackFlags) [/Users/Guillermo/.nvm/versions/node/v10.17.0/bin/node]
8 error  7: 0x1005838d4 v8::internal::Heap::CollectGarbage(v8::internal::AllocationSpace, v8::internal::GarbageCollectionReason, v8::GCCallbackFlags) [/Users/Guillermo/.nvm/versions/node/v10.17.0/bin/node]
8 error  8: 0x10059016c v8::internal::Heap::AllocateRawWithLigthRetry(int, v8::internal::AllocationSpace, v8::internal::AllocationAlignment) [/Users/Guillermo/.nvm/versions/node/v10.17.0/bin/node]
8 error  9: 0x1005901ef v8::internal::Heap::AllocateRawWithRetryOrFail(int, v8::internal::AllocationSpace, v8::internal::AllocationAlignment) [/Users/Guillermo/.nvm/versions/node/v10.17.0/bin/node]
8 error 10: 0x100567bf2 v8::internal::Factory::NewMap(v8::internal::InstanceType, int, v8::internal::ElementsKind, int) [/Users/Guillermo/.nvm/versions/node/v10.17.0/bin/node]
8 error 11: 0x1006ab7eb v8::internal::Map::RawCopy(v8::internal::Handle<v8::internal::Map>, int, int) [/Users/Guillermo/.nvm/versions/node/v10.17.0/bin/node]
8 error 12: 0x1006a4daa v8::internal::Map::CopyDropDescriptors(v8::internal::Handle<v8::internal::Map>) [/Users/Guillermo/.nvm/versions/node/v10.17.0/bin/node]
8 error 13: 0x10069aec3 v8::internal::Map::CopyReplaceDescriptors(v8::internal::Handle<v8::internal::Map>, v8::internal::Handle<v8::internal::DescriptorArray>, v8::internal::Handle<v8::internal::LayoutDescriptor>, v8::internal::TransitionFlag, v8::internal::MaybeHandle<v8::internal::Name>, char const*, v8::internal::SimpleTransitionFlag) [/Users/Guillermo/.nvm/versions/node/v10.17.0/bin/node]
8 error 14: 0x1006977cf v8::internal::Map::CopyAddDescriptor(v8::internal::Handle<v8::internal::Map>, v8::internal::Descriptor*, v8::internal::TransitionFlag) [/Users/Guillermo/.nvm/versions/node/v10.17.0/bin/node]
8 error 15: 0x100697532 v8::internal::Map::CopyWithField(v8::internal::Handle<v8::internal::Map>, v8::internal::Handle<v8::internal::Name>, v8::internal::Handle<v8::internal::FieldType>, v8::internal::PropertyAttributes, v8::internal::PropertyConstness, v8::internal::Representation, v8::internal::TransitionFlag) [/Users/Guillermo/.nvm/versions/node/v10.17.0/bin/node]
8 error 16: 0x1006add82 v8::internal::Map::TransitionToDataProperty(v8::internal::Handle<v8::internal::Map>, v8::internal::Handle<v8::internal::Name>, v8::internal::Handle<v8::internal::Object>, v8::internal::PropertyAttributes, v8::internal::PropertyConstness, v8::internal::Object::StoreFromKeyed) [/Users/Guillermo/.nvm/versions/node/v10.17.0/bin/node]
8 error 17: 0x100678988 v8::internal::LookupIterator::PrepareTransitionToDataProperty(v8::internal::Handle<v8::internal::JSReceiver>, v8::internal::Handle<v8::internal::Object>, v8::internal::PropertyAttributes, v8::internal::Object::StoreFromKeyed) [/Users/Guillermo/.nvm/versions/node/v10.17.0/bin/node]
8 error 18: 0x10069e1e4 v8::internal::Object::AddDataProperty(v8::internal::LookupIterator*, v8::internal::Handle<v8::internal::Object>, v8::internal::PropertyAttributes, v8::internal::ShouldThrow, v8::internal::Object::StoreFromKeyed) [/Users/Guillermo/.nvm/versions/node/v10.17.0/bin/node]
8 error 19: 0x1006a31fa v8::internal::JSObject::DefineOwnPropertyIgnoreAttributes(v8::internal::LookupIterator*, v8::internal::Handle<v8::internal::Object>, v8::internal::PropertyAttributes, v8::internal::ShouldThrow, v8::internal::JSObject::AccessorInfoHandling) [/Users/Guillermo/.nvm/versions/node/v10.17.0/bin/node]
8 error 20: 0x1006a3497 v8::internal::JSObject::SetOwnPropertyIgnoreAttributes(v8::internal::Handle<v8::internal::JSObject>, v8::internal::Handle<v8::internal::Name>, v8::internal::Handle<v8::internal::Object>, v8::internal::PropertyAttributes) [/Users/Guillermo/.nvm/versions/node/v10.17.0/bin/node]
8 error 21: 0x1007f8351 v8::internal::(anonymous namespace)::ObjectBoilerplate::Create(v8::internal::Isolate*, v8::internal::Handle<v8::internal::HeapObject>, int, v8::internal::PretenureFlag) [/Users/Guillermo/.nvm/versions/node/v10.17.0/bin/node]
8 error 22: 0x1007f6183 v8::internal::Runtime_CreateObjectLiteral(int, v8::internal::Object**, v8::internal::Isolate*) [/Users/Guillermo/.nvm/versions/node/v10.17.0/bin/node]
8 error 23: 0x19491adbe3d
8 error 24: 0x19491b07180
8 error 25: 0x19491a918d5
8 error 26: 0x19491a918d5
8 error 27: 0x19491a8a5c3
8 error
8 error
8 error > @xarples/bee-admin@0.0.0 dev /Users/Guillermo/Documents/projects/xarples/bee/packages/bee-admin
8 error > nuxt-ts dev
8 error
8 error ℹ Listening on: http://localhost:3000/
8 error ℹ Preparing project for development
8 error ℹ Initial build may take a while
8 error ✔ Builder initialized
8 error ✔ Nuxt files generated
8 error ℹ Compiling Client
8 error ℹ Starting type checking service...
8 error ℹ Compiling Server
8 error ✔ Server: Compiled successfully in 3.86s
8 error ✔ Client: Compiled successfully in 5.73s
8 error ℹ Type checking in progress...
8 error ℹ Waiting for file changes
8 error ℹ Memory usage: 212 MB (RSS: 354 MB)
8 error ℹ Listening on: http://localhost:3000/
8 error ℹ No type errors found
8 error ℹ Version: typescript 3.8.3
8 error ℹ Time: 8763 ms
8 error
8 error <--- Last few GCs --->
8 error
8 error [74999:0x102804000]    46125 ms: Mark-sweep 1245.9 (1455.7) -> 1245.8 (1425.7) MB, 1384.6 / 0.2 ms  (average mu = 0.114, current mu = 0.009) deserialize GC in old space requested
8 error [74999:0x102804000]    47549 ms: Mark-sweep 1247.5 (1426.2) -> 1246.6 (1431.7) MB, 1376.0 / 0.1 ms  (average mu = 0.075, current mu = 0.035) allocation failure scavenge might not succeed
8 error
8 error
8 error <--- JS stacktrace --->
8 error
8 error ==== JS stack trace =========================================
8 error
8 error     0: ExitFrame [pc: 0x19491adbe3d]
8 error     1: StubFrame [pc: 0x19491b07180]
8 error Security context: 0x3bdb4291e6e9 <JSObject>
8 error     2: listToStyles(aka listToStyles) [0x3bdbbd0e04a1] [server.js:3780] [bytecode=0x3bdbb913af61 offset=55](this=0x3bdb612826f1 <undefined>,parentId=0x3bdba4565961 <String[8]: 30ad7d37>,list=0x3bdbbd0dfe51 <JSArray[1]>)
8 error     3: addStylesServer [0x3bdbbd0e01e9] [server.js:3692] [bytecode=0x3bdbb913a981 offset=148](this=0x3bd...
8 error
8 error
8 error     at makeError (/Users/Guillermo/.nvm/versions/node/v10.17.0/lib/node_modules/lerna/node_modules/execa/index.js:174:9)
8 error     at Promise.all.then.arr (/Users/Guillermo/.nvm/versions/node/v10.17.0/lib/node_modules/lerna/node_modules/execa/index.js:278:16)
